<?xml version="1.0" encoding="UTF-8"?>
<!-- Generated by org.testng.reporters.JUnitReportReporter -->
<testsuite hostname="IBASE124" name="com.com.test.AppiumTest" tests="1" failures="0" timestamp="7 Jun 2017 13:04:09 GMT" time="13.873" errors="0">
  <testcase name="f" time="13.873" classname="com.com.test.AppiumTest"/>
</testsuite> <!-- com.com.test.AppiumTest -->
